[2020-10-01 21:59:35,843][basic_dicom_file_extractor][INFO] - pydicom version: 1.3.0
[2020-10-01 21:59:35,862][radiomics.featureextractor][INFO] - Loading parameter file
[2020-10-01 21:59:35,975][pykwalify.core][INFO] - validation.valid
[2020-10-01 21:59:39,063][src.calculate.calculation_script][INFO] - Took 0.0160998 to run query on the database!
[2020-10-01 21:59:44,072][src.calculate.calculation_script][INFO] - Took 5.0245015 to run all calcuations across entire stored data!
[2020-10-01 22:00:05,717][src.calculate.calculation_script][INFO] - Took 0.009592800000000068 to run query on the database!
[2020-10-01 22:00:11,772][logic.logic][INFO] - Running plastimatch command: ['D:\\Maastro\\RadiomicsSQLLite\\SQLite4Radiomics\\radiomicsfeatureextractionpipeline\\backend\\tools\\Plastimatch\\bin\\plastimatch.exe', 'convert', '--input', 'D:\\Maastro\\RadiomicsSQLLite\\SQLite4Radiomics\\radiomicsfeatureextractionpipeline\\conquest\\data\\1\\1.3.6.1.4.1.9590.100.1.2.258301620411152643708006163321128526885_0000_000000_1601332580003e.dcm', '--referenced-ct', 'D:\\Maastro\\RadiomicsSQLLite\\SQLite4Radiomics\\radiomicsfeatureextractionpipeline\\conquest\\data\\1', '--output-prefix', 'C:\\Users\\Public\\Documents\\Wondershare\\CreatorTemp\\tmp8cj11yl9', '--prefix-format', 'nrrd', '--fixed', 'C:\\Users\\Public\\Documents\\Wondershare\\CreatorTemp\\tmp8cj11yl9\\image.nrrd']
[2020-10-01 22:00:21,666][logic.logic][INFO] - Took 9.894049499999994 to run plastimatch conversion
[2020-10-01 22:00:21,762][logic.logic][INFO] - Calculating the features for 1 ROI's
[2020-10-01 22:00:21,784][logic.logic][INFO] - Generating feature for roi GTV-1
[2020-10-01 22:00:21,803][radiomics.featureextractor][INFO] - Calculating features with label: 1
[2020-10-01 22:00:21,807][radiomics.featureextractor][INFO] - Loading image and mask
[2020-10-01 22:00:22,179][radiomics.featureextractor][INFO] - Computing shape
[2020-10-01 22:00:24,048][radiomics.featureextractor][INFO] - Adding image type "Original" with custom settings: {}
[2020-10-01 22:00:24,051][radiomics.featureextractor][INFO] - Calculating features for original image
[2020-10-01 22:00:24,057][radiomics.featureextractor][INFO] - Computing firstorder
[2020-10-01 22:00:24,169][radiomics.featureextractor][INFO] - Computing glcm
[2020-10-01 22:00:24,306][radiomics.glcm][WARNING] - GLCM is symmetrical, therefore Sum Average = 2 * Joint Average, only 1 needs to be calculated
[2020-10-01 22:00:24,311][radiomics.featureextractor][INFO] - Computing glrlm
[2020-10-01 22:00:24,399][radiomics.featureextractor][INFO] - Computing glszm
[2020-10-01 22:00:24,497][radiomics.featureextractor][INFO] - Computing gldm
[2020-10-01 22:00:24,574][radiomics.featureextractor][INFO] - Computing ngtdm
[2020-10-01 22:00:32,136][logic.logic][INFO] - Successfully extracted features for roi GTV-1
[2020-10-01 22:00:32,142][logic.logic][INFO] - Successfully calculated radiomic features for 1 of 1 ROI's
[2020-10-01 22:00:32,147][logic.logic][INFO] - Took 10.381318100000001 to run pyradomics feature extraction over all selected ROIs
[2020-10-01 22:00:32,324][src.calculate.calculation_script][INFO] - Took 26.601533799999995 to run program logic on the 1/1 instances
[2020-10-01 22:00:32,333][src.calculate.calculation_script][INFO] - Took 26.625686099999996 to run all calcuations across entire stored data!
[2020-10-01 22:03:13,356][src.calculate.calculation_script][INFO] - Took 0.0027631000000098993 to run query on the database!
[2020-10-01 22:03:18,086][logic.logic][INFO] - Running plastimatch command: ['D:\\Maastro\\RadiomicsSQLLite\\SQLite4Radiomics\\radiomicsfeatureextractionpipeline\\backend\\tools\\Plastimatch\\bin\\plastimatch.exe', 'convert', '--input', 'D:\\Maastro\\RadiomicsSQLLite\\SQLite4Radiomics\\radiomicsfeatureextractionpipeline\\conquest\\data\\1\\1.3.6.1.4.1.9590.100.1.2.258301620411152643708006163321128526885_0000_000000_1601332580003e.dcm', '--referenced-ct', 'D:\\Maastro\\RadiomicsSQLLite\\SQLite4Radiomics\\radiomicsfeatureextractionpipeline\\conquest\\data\\1', '--output-prefix', 'C:\\Users\\Public\\Documents\\Wondershare\\CreatorTemp\\tmpomtben0x', '--prefix-format', 'nrrd', '--fixed', 'C:\\Users\\Public\\Documents\\Wondershare\\CreatorTemp\\tmpomtben0x\\image.nrrd']
[2020-10-01 22:03:18,821][logic.logic][INFO] - Took 0.7348948000000064 to run plastimatch conversion
[2020-10-01 22:03:18,910][logic.logic][INFO] - Calculating the features for 1 ROI's
[2020-10-01 22:03:18,933][logic.logic][INFO] - Generating feature for roi GTV-1
[2020-10-01 22:03:18,953][radiomics.featureextractor][INFO] - Calculating features with label: 1
[2020-10-01 22:03:18,954][radiomics.featureextractor][INFO] - Loading image and mask
[2020-10-01 22:03:19,305][radiomics.featureextractor][INFO] - Computing shape
[2020-10-01 22:03:21,099][radiomics.featureextractor][INFO] - Adding image type "Original" with custom settings: {}
[2020-10-01 22:03:21,100][radiomics.featureextractor][INFO] - Calculating features for original image
[2020-10-01 22:03:21,105][radiomics.featureextractor][INFO] - Computing firstorder
[2020-10-01 22:03:21,210][radiomics.featureextractor][INFO] - Computing glcm
[2020-10-01 22:03:21,342][radiomics.glcm][WARNING] - GLCM is symmetrical, therefore Sum Average = 2 * Joint Average, only 1 needs to be calculated
[2020-10-01 22:03:21,344][radiomics.featureextractor][INFO] - Computing glrlm
[2020-10-01 22:03:21,421][radiomics.featureextractor][INFO] - Computing glszm
[2020-10-01 22:03:21,521][radiomics.featureextractor][INFO] - Computing gldm
[2020-10-01 22:03:21,630][radiomics.featureextractor][INFO] - Computing ngtdm
[2020-10-01 22:04:19,647][basic_dicom_file_extractor][INFO] - pydicom version: 1.3.0
[2020-10-01 22:04:19,662][radiomics.featureextractor][INFO] - Loading parameter file
[2020-10-01 22:04:19,749][pykwalify.core][INFO] - validation.valid
[2020-10-01 22:04:20,624][src.calculate.calculation_script][INFO] - Took 0.010663299999999999 to run query on the database!
[2020-10-01 22:04:25,635][src.calculate.calculation_script][INFO] - Took 5.0211657999999995 to run all calcuations across entire stored data!
[2020-10-01 22:06:16,345][src.calculate.calculation_script][INFO] - Took 0.002275299999993763 to run query on the database!
[2020-10-01 22:06:21,117][logic.logic][INFO] - Running plastimatch command: ['D:\\Maastro\\RadiomicsSQLLite\\SQLite4Radiomics\\radiomicsfeatureextractionpipeline\\backend\\tools\\Plastimatch\\bin\\plastimatch.exe', 'convert', '--input', 'D:\\Maastro\\RadiomicsSQLLite\\SQLite4Radiomics\\radiomicsfeatureextractionpipeline\\conquest\\data\\1\\1.3.6.1.4.1.9590.100.1.2.258301620411152643708006163321128526885_0000_000000_1601332580003e.dcm', '--referenced-ct', 'D:\\Maastro\\RadiomicsSQLLite\\SQLite4Radiomics\\radiomicsfeatureextractionpipeline\\conquest\\data\\1', '--output-prefix', 'C:\\Users\\Public\\Documents\\Wondershare\\CreatorTemp\\tmpoyfpprka', '--prefix-format', 'nrrd', '--fixed', 'C:\\Users\\Public\\Documents\\Wondershare\\CreatorTemp\\tmpoyfpprka\\image.nrrd']
[2020-10-01 22:06:21,747][logic.logic][INFO] - Took 0.6297428999999966 to run plastimatch conversion
[2020-10-01 22:06:21,819][logic.logic][INFO] - Calculating the features for 1 ROI's
[2020-10-01 22:06:21,855][logic.logic][INFO] - Generating feature for roi GTV-1
[2020-10-01 22:06:21,884][radiomics.featureextractor][INFO] - Calculating features with label: 1
[2020-10-01 22:06:21,891][radiomics.featureextractor][INFO] - Loading image and mask
[2020-10-01 22:06:22,294][radiomics.featureextractor][INFO] - Computing shape
[2020-10-01 22:06:24,363][radiomics.featureextractor][INFO] - Adding image type "Original" with custom settings: {}
[2020-10-01 22:06:24,372][radiomics.featureextractor][INFO] - Calculating features for original image
[2020-10-01 22:06:24,392][radiomics.featureextractor][INFO] - Computing firstorder
[2020-10-01 22:06:24,623][radiomics.featureextractor][INFO] - Computing glcm
[2020-10-01 22:06:24,903][radiomics.glcm][WARNING] - GLCM is symmetrical, therefore Sum Average = 2 * Joint Average, only 1 needs to be calculated
[2020-10-01 22:06:24,910][radiomics.featureextractor][INFO] - Computing glrlm
[2020-10-01 22:06:25,026][radiomics.featureextractor][INFO] - Computing glszm
[2020-10-01 22:06:25,121][radiomics.featureextractor][INFO] - Computing gldm
[2020-10-01 22:06:25,233][radiomics.featureextractor][INFO] - Computing ngtdm
[2020-10-01 22:06:34,334][logic.logic][INFO] - Successfully extracted features for roi GTV-1
[2020-10-01 22:06:34,339][logic.logic][INFO] - Successfully calculated radiomic features for 1 of 1 ROI's
[2020-10-01 22:06:34,342][logic.logic][INFO] - Took 12.515196899999992 to run pyradomics feature extraction over all selected ROIs
[2020-10-01 22:06:34,524][src.calculate.calculation_script][INFO] - Took 18.1747905 to run program logic on the 1/1 instances
[2020-10-01 22:06:34,538][src.calculate.calculation_script][INFO] - Took 18.195012199999994 to run all calcuations across entire stored data!
[2020-10-01 22:08:28,470][django.utils.autoreload][INFO] - D:\Maastro\RadiomicsSQLLite\SQLite4Radiomics\radiomicsfeatureextractionpipeline\backend\src\logic\utils\logging_utils.py changed, reloading.
[2020-10-01 22:08:33,379][basic_dicom_file_extractor][INFO] - pydicom version: 1.3.0
[2020-10-01 22:08:33,386][radiomics.featureextractor][INFO] - Loading parameter file
[2020-10-01 22:08:33,419][pykwalify.core][INFO] - validation.valid
[2020-10-01 22:08:46,274][django.utils.autoreload][INFO] - D:\Maastro\RadiomicsSQLLite\SQLite4Radiomics\radiomicsfeatureextractionpipeline\backend\src\logic\utils\logging_utils.py changed, reloading.
[2020-10-01 22:08:50,975][basic_dicom_file_extractor][INFO] - pydicom version: 1.3.0
[2020-10-01 22:08:50,982][radiomics.featureextractor][INFO] - Loading parameter file
[2020-10-01 22:08:51,021][pykwalify.core][INFO] - validation.valid
[2020-10-01 22:09:16,643][django.utils.autoreload][INFO] - D:\Maastro\RadiomicsSQLLite\SQLite4Radiomics\radiomicsfeatureextractionpipeline\backend\src\calculate\calculation_script.py changed, reloading.
[2020-10-01 22:10:10,935][src.calculate.calculation_script][INFO] - Took 0.0025585 to run query on the database!
[2020-10-01 22:10:27,651][src.calculate.calculation_script][INFO] - Took 16.7122809 to run program logic on the 1/1 instances
[2020-10-01 22:10:27,655][src.calculate.calculation_script][INFO] - Took 16.7238236 to run all calcuations across entire stored data!
[2020-10-01 22:11:07,808][src.calculate.calculation_script][INFO] - Took 0.0277706 to run query on the database!
[2020-10-01 22:11:24,862][src.calculate.calculation_script][INFO] - Took 17.0422384 to run program logic on the 1/1 instances
[2020-10-01 22:11:24,868][src.calculate.calculation_script][INFO] - Took 17.0871751 to run all calcuations across entire stored data!
[2020-10-01 22:13:46,367][src.calculate.calculation_script][INFO] - Took 0.0112198 to run query on the database!
[2020-10-01 22:14:02,531][src.calculate.calculation_script][INFO] - Took 16.1587747 to run program logic on the 1/1 instances
[2020-10-01 22:14:02,534][src.calculate.calculation_script][INFO] - Took 16.1822482 to run all calcuations across entire stored data!
