[2020-09-16 17:54:45,408][basic_dicom_file_extractor][INFO] - pydicom version: 1.3.0
[2020-09-16 17:54:45,414][radiomics.featureextractor][INFO] - Loading parameter file
[2020-09-16 17:54:45,444][pykwalify.core][INFO] - validation.valid
[2020-09-16 17:55:40,153][logic.logic][INFO] - Running plastimatch command: ['D:\\Maastro\\RadiomicsSQLLite\\SQLite4Radiomics\\radiomicsfeatureextractionpipeline\\backend\\tools\\Plastimatch\\bin\\plastimatch.exe', 'convert', '--input', 'D:\\Maastro\\RadiomicsSQLLite\\SQLite4Radiomics\\radiomicsfeatureextractionpipeline\\conquest\\data\\LUNG1-001\\1.3.6.1.4.1.40744.29.227938121586608072508444156170535578236_0003_000002_16002700580086.dcm', '--referenced-ct', 'D:\\Maastro\\RadiomicsSQLLite\\SQLite4Radiomics\\radiomicsfeatureextractionpipeline\\conquest\\data\\LUNG1-001', '--output-prefix', 'C:\\Users\\Public\\Documents\\Wondershare\\CreatorTemp\\tmpo86p3uuw', '--prefix-format', 'nrrd', '--fixed', 'C:\\Users\\Public\\Documents\\Wondershare\\CreatorTemp\\tmpo86p3uuw\\image.nrrd']
[2020-09-16 17:55:44,497][logic.logic][INFO] - Calculating the features for 2 ROI's
[2020-09-16 17:55:44,513][logic.logic][INFO] - Generating feature for roi GTV-1
[2020-09-16 17:55:44,610][radiomics.featureextractor][INFO] - Calculating features with label: 1
[2020-09-16 17:55:44,610][radiomics.featureextractor][INFO] - Loading image and mask
[2020-09-16 17:55:48,103][radiomics.featureextractor][INFO] - Computing shape
[2020-09-16 17:55:48,658][radiomics.featureextractor][INFO] - Adding image type "Original" with custom settings: {}
[2020-09-16 17:55:48,658][radiomics.featureextractor][INFO] - Calculating features for original image
[2020-09-16 17:55:48,662][radiomics.featureextractor][INFO] - Computing firstorder
[2020-09-16 17:55:48,706][radiomics.featureextractor][INFO] - Computing glcm
[2020-09-16 17:55:48,867][radiomics.glcm][WARNING] - GLCM is symmetrical, therefore Sum Average = 2 * Joint Average, only 1 needs to be calculated
[2020-09-16 17:55:48,869][radiomics.featureextractor][INFO] - Computing glrlm
[2020-09-16 17:55:48,910][radiomics.featureextractor][INFO] - Computing glszm
[2020-09-16 17:55:48,951][radiomics.featureextractor][INFO] - Computing gldm
[2020-09-16 17:55:48,981][radiomics.featureextractor][INFO] - Computing ngtdm
[2020-09-16 17:55:53,676][logic.logic][INFO] - Successfully extracted features for roi GTV-1
[2020-09-16 17:55:53,693][logic.logic][INFO] - Generating feature for roi Spinal-Cord
[2020-09-16 17:55:53,784][radiomics.featureextractor][INFO] - Calculating features with label: 1
[2020-09-16 17:55:53,784][radiomics.featureextractor][INFO] - Loading image and mask
[2020-09-16 17:55:57,380][radiomics.featureextractor][INFO] - Computing shape
[2020-09-16 17:55:57,537][radiomics.featureextractor][INFO] - Adding image type "Original" with custom settings: {}
[2020-09-16 17:55:57,538][radiomics.featureextractor][INFO] - Calculating features for original image
[2020-09-16 17:55:57,545][radiomics.featureextractor][INFO] - Computing firstorder
[2020-09-16 17:55:57,564][radiomics.featureextractor][INFO] - Computing glcm
[2020-09-16 17:55:57,590][radiomics.glcm][WARNING] - GLCM is symmetrical, therefore Sum Average = 2 * Joint Average, only 1 needs to be calculated
[2020-09-16 17:55:57,591][radiomics.featureextractor][INFO] - Computing glrlm
[2020-09-16 17:55:57,615][radiomics.featureextractor][INFO] - Computing glszm
[2020-09-16 17:55:57,638][radiomics.featureextractor][INFO] - Computing gldm
[2020-09-16 17:55:57,652][radiomics.featureextractor][INFO] - Computing ngtdm
[2020-09-16 17:56:04,618][logic.logic][INFO] - Successfully extracted features for roi Spinal-Cord
[2020-09-16 17:56:04,619][logic.logic][INFO] - Successfully calculated radiomic features for 2 of 2 ROI's
[2020-09-16 17:57:39,182][django.utils.autoreload][INFO] - D:\Maastro\RadiomicsSQLLite\SQLite4Radiomics\radiomicsfeatureextractionpipeline\backend\src\bootstrapper\radiomic_feature_extraction_pipeline_bootstrapper.py changed, reloading.
[2020-09-16 17:57:42,566][basic_dicom_file_extractor][INFO] - pydicom version: 1.3.0
[2020-09-16 17:57:42,572][radiomics.featureextractor][INFO] - Loading parameter file
[2020-09-16 17:57:42,602][pykwalify.core][INFO] - validation.valid
[2020-09-16 17:58:14,100][django.utils.autoreload][INFO] - D:\Maastro\RadiomicsSQLLite\SQLite4Radiomics\radiomicsfeatureextractionpipeline\backend\src\logic\logic.py changed, reloading.
[2020-09-16 17:58:17,865][basic_dicom_file_extractor][INFO] - pydicom version: 1.3.0
[2020-09-16 17:58:17,870][radiomics.featureextractor][INFO] - Loading parameter file
[2020-09-16 17:58:17,909][pykwalify.core][INFO] - validation.valid
[2020-09-16 18:04:18,404][django.utils.autoreload][INFO] - D:\Maastro\RadiomicsSQLLite\SQLite4Radiomics\radiomicsfeatureextractionpipeline\backend\src\dal\sqlite\database_connector_sqlite.py changed, reloading.
[2020-09-16 18:04:28,880][django.utils.autoreload][INFO] - D:\Maastro\RadiomicsSQLLite\SQLite4Radiomics\radiomicsfeatureextractionpipeline\backend\src\dal\sqlite\database_connector_sqlite.py changed, reloading.
[2020-09-16 18:04:36,929][django.utils.autoreload][INFO] - D:\Maastro\RadiomicsSQLLite\SQLite4Radiomics\radiomicsfeatureextractionpipeline\backend\src\dal\sqlite\database_connector_sqlite.py changed, reloading.
[2020-09-16 18:04:48,493][django.utils.autoreload][INFO] - D:\Maastro\RadiomicsSQLLite\SQLite4Radiomics\radiomicsfeatureextractionpipeline\backend\src\dal\sqlite\database_connector_sqlite.py changed, reloading.
[2020-09-16 18:05:08,504][django.utils.autoreload][INFO] - D:\Maastro\RadiomicsSQLLite\SQLite4Radiomics\radiomicsfeatureextractionpipeline\backend\src\configuration_service\configuration_service.py changed, reloading.
[2020-09-16 18:18:03,292][django.utils.autoreload][INFO] - D:\Maastro\RadiomicsSQLLite\SQLite4Radiomics\radiomicsfeatureextractionpipeline\backend\src\logic\feature_extractor\feature_calculator.py changed, reloading.
[2020-09-16 18:21:48,850][django.utils.autoreload][INFO] - D:\Maastro\RadiomicsSQLLite\SQLite4Radiomics\radiomicsfeatureextractionpipeline\backend\src\logic\dicom_file_reader\basic_dicom_file_reader.py changed, reloading.
[2020-09-16 18:21:51,995][basic_dicom_file_extractor][INFO] - pydicom version: 1.3.0
[2020-09-16 18:21:52,002][radiomics.featureextractor][INFO] - Loading parameter file
[2020-09-16 18:21:52,033][pykwalify.core][INFO] - validation.valid
[2020-09-16 18:22:35,790][django.utils.autoreload][INFO] - D:\Maastro\RadiomicsSQLLite\SQLite4Radiomics\radiomicsfeatureextractionpipeline\backend\src\bootstrapper\radiomic_feature_extraction_pipeline_bootstrapper.py changed, reloading.
[2020-09-16 18:22:38,946][basic_dicom_file_extractor][INFO] - pydicom version: 1.3.0
[2020-09-16 18:22:38,951][radiomics.featureextractor][INFO] - Loading parameter file
[2020-09-16 18:22:38,979][pykwalify.core][INFO] - validation.valid
[2020-09-16 18:22:48,294][django.utils.autoreload][INFO] - D:\Maastro\RadiomicsSQLLite\SQLite4Radiomics\radiomicsfeatureextractionpipeline\backend\src\logic\utils\logging_utils.py changed, reloading.
[2020-09-16 18:22:52,073][basic_dicom_file_extractor][INFO] - pydicom version: 1.3.0
[2020-09-16 18:22:52,084][radiomics.featureextractor][INFO] - Loading parameter file
[2020-09-16 18:22:52,126][pykwalify.core][INFO] - validation.valid
[2020-09-29 00:31:22,761][basic_dicom_file_extractor][INFO] - pydicom version: 1.3.0
[2020-09-29 00:31:22,764][radiomics.featureextractor][INFO] - Loading parameter file
[2020-09-29 00:31:22,829][pykwalify.core][INFO] - validation.valid
[2020-09-29 00:37:14,538][logic.logic][INFO] - Running plastimatch command: ['D:\\Maastro\\RadiomicsSQLLite\\SQLite4Radiomics\\radiomicsfeatureextractionpipeline\\backend\\tools\\Plastimatch\\bin\\plastimatch.exe', 'convert', '--input', 'D:\\Maastro\\RadiomicsSQLLite\\SQLite4Radiomics\\radiomicsfeatureextractionpipeline\\conquest\\data\\1\\1.3.6.1.4.1.9590.100.1.2.258301620411152643708006163321128526885_0000_000000_1601332580003e.dcm', '--referenced-ct', 'D:\\Maastro\\RadiomicsSQLLite\\SQLite4Radiomics\\radiomicsfeatureextractionpipeline\\conquest\\data\\1', '--output-prefix', 'C:\\Users\\Public\\Documents\\Wondershare\\CreatorTemp\\tmpzrq9vhgl', '--prefix-format', 'nrrd', '--fixed', 'C:\\Users\\Public\\Documents\\Wondershare\\CreatorTemp\\tmpzrq9vhgl\\image.nrrd']
[2020-09-29 00:37:15,450][logic.logic][INFO] - Calculating the features for 1 ROI's
[2020-09-29 00:37:15,468][logic.logic][INFO] - Generating feature for roi GTV-1
[2020-09-29 00:37:15,484][radiomics.featureextractor][INFO] - Calculating features with label: 1
[2020-09-29 00:37:15,486][radiomics.featureextractor][INFO] - Loading image and mask
[2020-09-29 00:37:15,787][radiomics.featureextractor][INFO] - Computing shape
[2020-09-29 00:37:17,026][radiomics.featureextractor][INFO] - Adding image type "Original" with custom settings: {}
[2020-09-29 00:37:17,028][radiomics.featureextractor][INFO] - Calculating features for original image
[2020-09-29 00:37:17,034][radiomics.featureextractor][INFO] - Computing firstorder
[2020-09-29 00:37:17,150][radiomics.featureextractor][INFO] - Computing glcm
[2020-09-29 00:37:17,291][radiomics.glcm][WARNING] - GLCM is symmetrical, therefore Sum Average = 2 * Joint Average, only 1 needs to be calculated
[2020-09-29 00:37:17,295][radiomics.featureextractor][INFO] - Computing glrlm
[2020-09-29 00:37:17,378][radiomics.featureextractor][INFO] - Computing glszm
[2020-09-29 00:37:17,468][radiomics.featureextractor][INFO] - Computing gldm
[2020-09-29 00:37:17,542][radiomics.featureextractor][INFO] - Computing ngtdm
[2020-09-29 00:37:23,306][logic.logic][INFO] - Successfully extracted features for roi GTV-1
[2020-09-29 00:37:23,309][logic.logic][INFO] - Successfully calculated radiomic features for 1 of 1 ROI's
[2020-10-01 21:59:25,790][django.utils.autoreload][INFO] - D:\Maastro\RadiomicsSQLLite\SQLite4Radiomics\radiomicsfeatureextractionpipeline\backend\src\calculate\calculation_script.py changed, reloading.
[2020-10-01 21:59:35,843][basic_dicom_file_extractor][INFO] - pydicom version: 1.3.0
[2020-10-01 21:59:35,862][radiomics.featureextractor][INFO] - Loading parameter file
[2020-10-01 21:59:35,975][pykwalify.core][INFO] - validation.valid
[2020-10-01 21:59:39,063][src.calculate.calculation_script][INFO] - Took 0.0160998 to run query on the database!
[2020-10-01 21:59:44,072][src.calculate.calculation_script][INFO] - Took 5.0245015 to run all calcuations across entire stored data!
[2020-10-01 22:00:05,717][src.calculate.calculation_script][INFO] - Took 0.009592800000000068 to run query on the database!
[2020-10-01 22:00:11,772][logic.logic][INFO] - Running plastimatch command: ['D:\\Maastro\\RadiomicsSQLLite\\SQLite4Radiomics\\radiomicsfeatureextractionpipeline\\backend\\tools\\Plastimatch\\bin\\plastimatch.exe', 'convert', '--input', 'D:\\Maastro\\RadiomicsSQLLite\\SQLite4Radiomics\\radiomicsfeatureextractionpipeline\\conquest\\data\\1\\1.3.6.1.4.1.9590.100.1.2.258301620411152643708006163321128526885_0000_000000_1601332580003e.dcm', '--referenced-ct', 'D:\\Maastro\\RadiomicsSQLLite\\SQLite4Radiomics\\radiomicsfeatureextractionpipeline\\conquest\\data\\1', '--output-prefix', 'C:\\Users\\Public\\Documents\\Wondershare\\CreatorTemp\\tmp8cj11yl9', '--prefix-format', 'nrrd', '--fixed', 'C:\\Users\\Public\\Documents\\Wondershare\\CreatorTemp\\tmp8cj11yl9\\image.nrrd']
[2020-10-01 22:00:21,666][logic.logic][INFO] - Took 9.894049499999994 to run plastimatch conversion
[2020-10-01 22:00:21,762][logic.logic][INFO] - Calculating the features for 1 ROI's
[2020-10-01 22:00:21,784][logic.logic][INFO] - Generating feature for roi GTV-1
[2020-10-01 22:00:21,803][radiomics.featureextractor][INFO] - Calculating features with label: 1
[2020-10-01 22:00:21,807][radiomics.featureextractor][INFO] - Loading image and mask
[2020-10-01 22:00:22,179][radiomics.featureextractor][INFO] - Computing shape
[2020-10-01 22:00:24,048][radiomics.featureextractor][INFO] - Adding image type "Original" with custom settings: {}
[2020-10-01 22:00:24,051][radiomics.featureextractor][INFO] - Calculating features for original image
[2020-10-01 22:00:24,057][radiomics.featureextractor][INFO] - Computing firstorder
[2020-10-01 22:00:24,169][radiomics.featureextractor][INFO] - Computing glcm
[2020-10-01 22:00:24,306][radiomics.glcm][WARNING] - GLCM is symmetrical, therefore Sum Average = 2 * Joint Average, only 1 needs to be calculated
[2020-10-01 22:00:24,311][radiomics.featureextractor][INFO] - Computing glrlm
[2020-10-01 22:00:24,399][radiomics.featureextractor][INFO] - Computing glszm
[2020-10-01 22:00:24,497][radiomics.featureextractor][INFO] - Computing gldm
[2020-10-01 22:00:24,574][radiomics.featureextractor][INFO] - Computing ngtdm
[2020-10-01 22:00:32,136][logic.logic][INFO] - Successfully extracted features for roi GTV-1
[2020-10-01 22:00:32,142][logic.logic][INFO] - Successfully calculated radiomic features for 1 of 1 ROI's
[2020-10-01 22:00:32,147][logic.logic][INFO] - Took 10.381318100000001 to run pyradomics feature extraction over all selected ROIs
[2020-10-01 22:00:32,324][src.calculate.calculation_script][INFO] - Took 26.601533799999995 to run program logic on the 1/1 instances
[2020-10-01 22:00:32,333][src.calculate.calculation_script][INFO] - Took 26.625686099999996 to run all calcuations across entire stored data!
[2020-10-01 22:03:13,356][src.calculate.calculation_script][INFO] - Took 0.0027631000000098993 to run query on the database!
[2020-10-01 22:03:18,086][logic.logic][INFO] - Running plastimatch command: ['D:\\Maastro\\RadiomicsSQLLite\\SQLite4Radiomics\\radiomicsfeatureextractionpipeline\\backend\\tools\\Plastimatch\\bin\\plastimatch.exe', 'convert', '--input', 'D:\\Maastro\\RadiomicsSQLLite\\SQLite4Radiomics\\radiomicsfeatureextractionpipeline\\conquest\\data\\1\\1.3.6.1.4.1.9590.100.1.2.258301620411152643708006163321128526885_0000_000000_1601332580003e.dcm', '--referenced-ct', 'D:\\Maastro\\RadiomicsSQLLite\\SQLite4Radiomics\\radiomicsfeatureextractionpipeline\\conquest\\data\\1', '--output-prefix', 'C:\\Users\\Public\\Documents\\Wondershare\\CreatorTemp\\tmpomtben0x', '--prefix-format', 'nrrd', '--fixed', 'C:\\Users\\Public\\Documents\\Wondershare\\CreatorTemp\\tmpomtben0x\\image.nrrd']
[2020-10-01 22:03:18,821][logic.logic][INFO] - Took 0.7348948000000064 to run plastimatch conversion
[2020-10-01 22:03:18,910][logic.logic][INFO] - Calculating the features for 1 ROI's
[2020-10-01 22:03:18,933][logic.logic][INFO] - Generating feature for roi GTV-1
[2020-10-01 22:03:18,953][radiomics.featureextractor][INFO] - Calculating features with label: 1
[2020-10-01 22:03:18,954][radiomics.featureextractor][INFO] - Loading image and mask
[2020-10-01 22:03:19,305][radiomics.featureextractor][INFO] - Computing shape
[2020-10-01 22:03:21,099][radiomics.featureextractor][INFO] - Adding image type "Original" with custom settings: {}
[2020-10-01 22:03:21,100][radiomics.featureextractor][INFO] - Calculating features for original image
[2020-10-01 22:03:21,105][radiomics.featureextractor][INFO] - Computing firstorder
[2020-10-01 22:03:21,210][radiomics.featureextractor][INFO] - Computing glcm
[2020-10-01 22:03:21,342][radiomics.glcm][WARNING] - GLCM is symmetrical, therefore Sum Average = 2 * Joint Average, only 1 needs to be calculated
[2020-10-01 22:03:21,344][radiomics.featureextractor][INFO] - Computing glrlm
[2020-10-01 22:03:21,421][radiomics.featureextractor][INFO] - Computing glszm
[2020-10-01 22:03:21,521][radiomics.featureextractor][INFO] - Computing gldm
[2020-10-01 22:03:21,630][radiomics.featureextractor][INFO] - Computing ngtdm
[2020-10-01 22:04:19,647][basic_dicom_file_extractor][INFO] - pydicom version: 1.3.0
[2020-10-01 22:04:19,662][radiomics.featureextractor][INFO] - Loading parameter file
[2020-10-01 22:04:19,749][pykwalify.core][INFO] - validation.valid
[2020-10-01 22:04:20,624][src.calculate.calculation_script][INFO] - Took 0.010663299999999999 to run query on the database!
[2020-10-01 22:04:25,635][src.calculate.calculation_script][INFO] - Took 5.0211657999999995 to run all calcuations across entire stored data!
[2020-10-01 22:06:16,345][src.calculate.calculation_script][INFO] - Took 0.002275299999993763 to run query on the database!
[2020-10-01 22:06:21,117][logic.logic][INFO] - Running plastimatch command: ['D:\\Maastro\\RadiomicsSQLLite\\SQLite4Radiomics\\radiomicsfeatureextractionpipeline\\backend\\tools\\Plastimatch\\bin\\plastimatch.exe', 'convert', '--input', 'D:\\Maastro\\RadiomicsSQLLite\\SQLite4Radiomics\\radiomicsfeatureextractionpipeline\\conquest\\data\\1\\1.3.6.1.4.1.9590.100.1.2.258301620411152643708006163321128526885_0000_000000_1601332580003e.dcm', '--referenced-ct', 'D:\\Maastro\\RadiomicsSQLLite\\SQLite4Radiomics\\radiomicsfeatureextractionpipeline\\conquest\\data\\1', '--output-prefix', 'C:\\Users\\Public\\Documents\\Wondershare\\CreatorTemp\\tmpoyfpprka', '--prefix-format', 'nrrd', '--fixed', 'C:\\Users\\Public\\Documents\\Wondershare\\CreatorTemp\\tmpoyfpprka\\image.nrrd']
[2020-10-01 22:06:21,747][logic.logic][INFO] - Took 0.6297428999999966 to run plastimatch conversion
[2020-10-01 22:06:21,819][logic.logic][INFO] - Calculating the features for 1 ROI's
[2020-10-01 22:06:21,855][logic.logic][INFO] - Generating feature for roi GTV-1
[2020-10-01 22:06:21,884][radiomics.featureextractor][INFO] - Calculating features with label: 1
[2020-10-01 22:06:21,891][radiomics.featureextractor][INFO] - Loading image and mask
[2020-10-01 22:06:22,294][radiomics.featureextractor][INFO] - Computing shape
[2020-10-01 22:06:24,363][radiomics.featureextractor][INFO] - Adding image type "Original" with custom settings: {}
[2020-10-01 22:06:24,372][radiomics.featureextractor][INFO] - Calculating features for original image
[2020-10-01 22:06:24,392][radiomics.featureextractor][INFO] - Computing firstorder
[2020-10-01 22:06:24,623][radiomics.featureextractor][INFO] - Computing glcm
[2020-10-01 22:06:24,903][radiomics.glcm][WARNING] - GLCM is symmetrical, therefore Sum Average = 2 * Joint Average, only 1 needs to be calculated
[2020-10-01 22:06:24,910][radiomics.featureextractor][INFO] - Computing glrlm
[2020-10-01 22:06:25,026][radiomics.featureextractor][INFO] - Computing glszm
[2020-10-01 22:06:25,121][radiomics.featureextractor][INFO] - Computing gldm
[2020-10-01 22:06:25,233][radiomics.featureextractor][INFO] - Computing ngtdm
[2020-10-01 22:06:34,334][logic.logic][INFO] - Successfully extracted features for roi GTV-1
[2020-10-01 22:06:34,339][logic.logic][INFO] - Successfully calculated radiomic features for 1 of 1 ROI's
[2020-10-01 22:06:34,342][logic.logic][INFO] - Took 12.515196899999992 to run pyradomics feature extraction over all selected ROIs
[2020-10-01 22:06:34,524][src.calculate.calculation_script][INFO] - Took 18.1747905 to run program logic on the 1/1 instances
[2020-10-01 22:06:34,538][src.calculate.calculation_script][INFO] - Took 18.195012199999994 to run all calcuations across entire stored data!
[2020-10-01 22:08:28,470][django.utils.autoreload][INFO] - D:\Maastro\RadiomicsSQLLite\SQLite4Radiomics\radiomicsfeatureextractionpipeline\backend\src\logic\utils\logging_utils.py changed, reloading.
[2020-10-01 22:08:33,379][basic_dicom_file_extractor][INFO] - pydicom version: 1.3.0
[2020-10-01 22:08:33,386][radiomics.featureextractor][INFO] - Loading parameter file
[2020-10-01 22:08:33,419][pykwalify.core][INFO] - validation.valid
[2020-10-01 22:08:46,274][django.utils.autoreload][INFO] - D:\Maastro\RadiomicsSQLLite\SQLite4Radiomics\radiomicsfeatureextractionpipeline\backend\src\logic\utils\logging_utils.py changed, reloading.
[2020-10-01 22:08:50,975][basic_dicom_file_extractor][INFO] - pydicom version: 1.3.0
[2020-10-01 22:08:50,982][radiomics.featureextractor][INFO] - Loading parameter file
[2020-10-01 22:08:51,021][pykwalify.core][INFO] - validation.valid
[2020-10-01 22:09:16,643][django.utils.autoreload][INFO] - D:\Maastro\RadiomicsSQLLite\SQLite4Radiomics\radiomicsfeatureextractionpipeline\backend\src\calculate\calculation_script.py changed, reloading.
[2020-10-01 22:09:22,328][basic_dicom_file_extractor][INFO] - pydicom version: 1.3.0
[2020-10-01 22:09:22,345][radiomics.featureextractor][INFO] - Loading parameter file
[2020-10-01 22:09:22,407][pykwalify.core][INFO] - validation.valid
[2020-10-01 22:09:51,663][django.utils.autoreload][INFO] - D:\Maastro\RadiomicsSQLLite\SQLite4Radiomics\radiomicsfeatureextractionpipeline\backend\src\dal\sqlite\database_connector_sqlite.py changed, reloading.
[2020-10-01 22:09:57,723][basic_dicom_file_extractor][INFO] - pydicom version: 1.3.0
[2020-10-01 22:09:57,732][radiomics.featureextractor][INFO] - Loading parameter file
[2020-10-01 22:09:57,786][pykwalify.core][INFO] - validation.valid
[2020-10-01 22:10:10,935][src.calculate.calculation_script][INFO] - Took 0.0025585 to run query on the database!
[2020-10-01 22:10:15,605][logic.logic][INFO] - Running plastimatch command: ['D:\\Maastro\\RadiomicsSQLLite\\SQLite4Radiomics\\radiomicsfeatureextractionpipeline\\backend\\tools\\Plastimatch\\bin\\plastimatch.exe', 'convert', '--input', 'D:\\Maastro\\RadiomicsSQLLite\\SQLite4Radiomics\\radiomicsfeatureextractionpipeline\\conquest\\data\\1\\1.3.6.1.4.1.9590.100.1.2.258301620411152643708006163321128526885_0000_000000_1601332580003e.dcm', '--referenced-ct', 'D:\\Maastro\\RadiomicsSQLLite\\SQLite4Radiomics\\radiomicsfeatureextractionpipeline\\conquest\\data\\1', '--output-prefix', 'C:\\Users\\Public\\Documents\\Wondershare\\CreatorTemp\\tmp3skv7o_b', '--prefix-format', 'nrrd', '--fixed', 'C:\\Users\\Public\\Documents\\Wondershare\\CreatorTemp\\tmp3skv7o_b\\image.nrrd']
[2020-10-01 22:10:16,088][logic.logic][INFO] - Took 0.4827786000000005 to run plastimatch conversion
[2020-10-01 22:10:16,170][logic.logic][INFO] - Calculating the features for 1 ROI's
[2020-10-01 22:10:16,195][logic.logic][INFO] - Generating feature for roi GTV-1
[2020-10-01 22:10:16,214][radiomics.featureextractor][INFO] - Calculating features with label: 1
[2020-10-01 22:10:16,217][radiomics.featureextractor][INFO] - Loading image and mask
[2020-10-01 22:10:16,600][radiomics.featureextractor][INFO] - Computing shape
[2020-10-01 22:10:18,785][radiomics.featureextractor][INFO] - Adding image type "Original" with custom settings: {}
[2020-10-01 22:10:18,792][radiomics.featureextractor][INFO] - Calculating features for original image
[2020-10-01 22:10:18,813][radiomics.featureextractor][INFO] - Computing firstorder
[2020-10-01 22:10:19,019][radiomics.featureextractor][INFO] - Computing glcm
[2020-10-01 22:10:19,154][radiomics.glcm][WARNING] - GLCM is symmetrical, therefore Sum Average = 2 * Joint Average, only 1 needs to be calculated
[2020-10-01 22:10:19,158][radiomics.featureextractor][INFO] - Computing glrlm
[2020-10-01 22:10:19,241][radiomics.featureextractor][INFO] - Computing glszm
[2020-10-01 22:10:19,393][radiomics.featureextractor][INFO] - Computing gldm
[2020-10-01 22:10:19,528][radiomics.featureextractor][INFO] - Computing ngtdm
[2020-10-01 22:10:27,513][logic.logic][INFO] - Successfully extracted features for roi GTV-1
[2020-10-01 22:10:27,516][logic.logic][INFO] - Successfully calculated radiomic features for 1 of 1 ROI's
[2020-10-01 22:10:27,518][logic.logic][INFO] - Took 11.343703699999999 to run pyradomics feature extraction over all selected ROIs
[2020-10-01 22:10:27,651][src.calculate.calculation_script][INFO] - Took 16.7122809 to run program logic on the 1/1 instances
[2020-10-01 22:10:27,655][src.calculate.calculation_script][INFO] - Took 16.7238236 to run all calcuations across entire stored data!
[2020-10-01 22:10:35,774][django.utils.autoreload][INFO] - D:\Maastro\RadiomicsSQLLite\SQLite4Radiomics\radiomicsfeatureextractionpipeline\backend\src\bootstrapper\radiomic_feature_extraction_pipeline_bootstrapper.py changed, reloading.
[2020-10-01 22:11:12,863][logic.logic][INFO] - Running plastimatch command: ['D:\\Maastro\\RadiomicsSQLLite\\SQLite4Radiomics\\radiomicsfeatureextractionpipeline\\backend\\tools\\Plastimatch\\bin\\plastimatch.exe', 'convert', '--input', 'D:\\Maastro\\RadiomicsSQLLite\\SQLite4Radiomics\\radiomicsfeatureextractionpipeline\\conquest\\data\\1\\1.3.6.1.4.1.9590.100.1.2.258301620411152643708006163321128526885_0000_000000_1601332580003e.dcm', '--referenced-ct', 'D:\\Maastro\\RadiomicsSQLLite\\SQLite4Radiomics\\radiomicsfeatureextractionpipeline\\conquest\\data\\1', '--output-prefix', 'C:\\Users\\Public\\Documents\\Wondershare\\CreatorTemp\\tmpyvzar9e2', '--prefix-format', 'nrrd', '--fixed', 'C:\\Users\\Public\\Documents\\Wondershare\\CreatorTemp\\tmpyvzar9e2\\image.nrrd']
[2020-10-01 22:11:13,282][logic.logic][INFO] - Took 0.41909609999999997 to run plastimatch conversion
[2020-10-01 22:11:13,379][logic.logic][INFO] - Calculating the features for 1 ROI's
[2020-10-01 22:11:13,406][logic.logic][INFO] - Generating feature for roi GTV-1
[2020-10-01 22:11:24,686][logic.logic][INFO] - Successfully extracted features for roi GTV-1
[2020-10-01 22:11:24,689][logic.logic][INFO] - Successfully calculated radiomic features for 1 of 1 ROI's
[2020-10-01 22:11:24,692][logic.logic][INFO] - Took 11.310382200000001 to run pyradomics feature extraction over all selected ROIs
[2020-10-01 22:13:51,342][logic.logic][INFO] - Running plastimatch command: ['D:\\Maastro\\RadiomicsSQLLite\\SQLite4Radiomics\\radiomicsfeatureextractionpipeline\\backend\\tools\\Plastimatch\\bin\\plastimatch.exe', 'convert', '--input', 'D:\\Maastro\\RadiomicsSQLLite\\SQLite4Radiomics\\radiomicsfeatureextractionpipeline\\conquest\\data\\1\\1.3.6.1.4.1.9590.100.1.2.258301620411152643708006163321128526885_0000_000000_1601332580003e.dcm', '--referenced-ct', 'D:\\Maastro\\RadiomicsSQLLite\\SQLite4Radiomics\\radiomicsfeatureextractionpipeline\\conquest\\data\\1', '--output-prefix', 'C:\\Users\\Public\\Documents\\Wondershare\\CreatorTemp\\tmpm7j4wt4k', '--prefix-format', 'nrrd', '--fixed', 'C:\\Users\\Public\\Documents\\Wondershare\\CreatorTemp\\tmpm7j4wt4k\\image.nrrd']
[2020-10-01 22:13:51,825][logic.logic][INFO] - Took 0.4838690999999997 to run plastimatch conversion
[2020-10-01 22:13:51,910][logic.logic][INFO] - Calculating the features for 1 ROI's
[2020-10-01 22:13:51,941][logic.logic][INFO] - Generating feature for roi GTV-1
[2020-10-01 22:14:02,359][logic.logic][INFO] - Successfully extracted features for roi GTV-1
[2020-10-01 22:14:02,362][logic.logic][INFO] - Successfully calculated radiomic features for 1 of 1 ROI's
[2020-10-01 22:14:02,364][logic.logic][INFO] - Took 10.450930399999999 to run pyradomics feature extraction over all selected ROIs
[2020-10-01 22:17:44,221][logic.logic][INFO] - Running plastimatch command: ['D:\\Maastro\\RadiomicsSQLLite\\SQLite4Radiomics\\radiomicsfeatureextractionpipeline\\backend\\tools\\Plastimatch\\bin\\plastimatch.exe', 'convert', '--input', 'D:\\Maastro\\RadiomicsSQLLite\\SQLite4Radiomics\\radiomicsfeatureextractionpipeline\\conquest\\data\\1\\1.3.6.1.4.1.9590.100.1.2.258301620411152643708006163321128526885_0000_000000_1601332580003e.dcm', '--referenced-ct', 'D:\\Maastro\\RadiomicsSQLLite\\SQLite4Radiomics\\radiomicsfeatureextractionpipeline\\conquest\\data\\1', '--output-prefix', 'C:\\Users\\Public\\Documents\\Wondershare\\CreatorTemp\\tmp5_qvlx1t', '--prefix-format', 'nrrd', '--fixed', 'C:\\Users\\Public\\Documents\\Wondershare\\CreatorTemp\\tmp5_qvlx1t\\image.nrrd']
[2020-10-01 22:17:45,005][logic.logic][INFO] - Calculating the features for 1 ROI's
[2020-10-01 22:17:45,031][logic.logic][INFO] - Generating feature for roi GTV-1
[2020-10-01 22:17:59,558][logic.logic][INFO] - Successfully extracted features for roi GTV-1
[2020-10-01 22:17:59,560][logic.logic][INFO] - Successfully calculated radiomic features for 1 of 1 ROI's
[2020-10-01 22:20:58,717][logic.logic][INFO] - Running plastimatch command: ['D:\\Maastro\\RadiomicsSQLLite\\SQLite4Radiomics\\radiomicsfeatureextractionpipeline\\backend\\tools\\Plastimatch\\bin\\plastimatch.exe', 'convert', '--input', 'D:\\Maastro\\RadiomicsSQLLite\\SQLite4Radiomics\\radiomicsfeatureextractionpipeline\\conquest\\data\\1\\1.3.6.1.4.1.9590.100.1.2.258301620411152643708006163321128526885_0000_000000_1601332580003e.dcm', '--referenced-ct', 'D:\\Maastro\\RadiomicsSQLLite\\SQLite4Radiomics\\radiomicsfeatureextractionpipeline\\conquest\\data\\1', '--output-prefix', 'C:\\Users\\Public\\Documents\\Wondershare\\CreatorTemp\\tmpi4rglplm', '--prefix-format', 'nrrd', '--fixed', 'C:\\Users\\Public\\Documents\\Wondershare\\CreatorTemp\\tmpi4rglplm\\image.nrrd']
[2020-10-01 22:20:59,361][logic.logic][INFO] - Calculating the features for 1 ROI's
[2020-10-01 22:20:59,375][logic.logic][INFO] - Generating feature for roi GTV-1
[2020-10-01 22:21:11,103][logic.logic][INFO] - Successfully extracted features for roi GTV-1
[2020-10-01 22:21:11,105][logic.logic][INFO] - Successfully calculated radiomic features for 1 of 1 ROI's
[2020-10-03 03:52:16,675][logic.logic][INFO] - Running plastimatch command: ['D:\\Maastro\\RadiomicsSQLLite\\SQLite4Radiomics\\radiomicsfeatureextractionpipeline\\backend\\tools\\Plastimatch\\bin\\plastimatch.exe', 'convert', '--input', 'D:\\Maastro\\RadiomicsSQLLite\\SQLite4Radiomics\\radiomicsfeatureextractionpipeline\\conquest\\data\\1\\1.3.6.1.4.1.9590.100.1.2.258301620411152643708006163321128526885_0000_000000_1601332580003e.dcm', '--referenced-ct', 'D:\\Maastro\\RadiomicsSQLLite\\SQLite4Radiomics\\radiomicsfeatureextractionpipeline\\conquest\\data\\1', '--output-prefix', 'C:\\Users\\Public\\Documents\\Wondershare\\CreatorTemp\\tmpmd_9h64y', '--prefix-format', 'nrrd', '--fixed', 'C:\\Users\\Public\\Documents\\Wondershare\\CreatorTemp\\tmpmd_9h64y\\image.nrrd']
[2020-10-03 03:52:17,619][logic.logic][INFO] - Calculating the features for 1 ROI's
[2020-10-03 03:52:17,643][logic.logic][INFO] - Generating feature for roi GTV-1
[2020-10-03 03:52:30,694][logic.logic][INFO] - Successfully extracted features for roi GTV-1
[2020-10-03 03:52:30,697][logic.logic][INFO] - Successfully calculated radiomic features for 1 of 1 ROI's
[2020-10-03 03:54:12,293][logic.logic][INFO] - Running plastimatch command: ['D:\\Maastro\\RadiomicsSQLLite\\SQLite4Radiomics\\radiomicsfeatureextractionpipeline\\backend\\tools\\Plastimatch\\bin\\plastimatch.exe', 'convert', '--input', 'D:\\Maastro\\RadiomicsSQLLite\\SQLite4Radiomics\\radiomicsfeatureextractionpipeline\\conquest\\data\\1\\1.3.6.1.4.1.9590.100.1.2.258301620411152643708006163321128526885_0000_000000_1601332580003e.dcm', '--referenced-ct', 'D:\\Maastro\\RadiomicsSQLLite\\SQLite4Radiomics\\radiomicsfeatureextractionpipeline\\conquest\\data\\1', '--output-prefix', 'C:\\Users\\Public\\Documents\\Wondershare\\CreatorTemp\\tmpf1mqzpw1', '--prefix-format', 'nrrd', '--fixed', 'C:\\Users\\Public\\Documents\\Wondershare\\CreatorTemp\\tmpf1mqzpw1\\image.nrrd']
[2020-10-03 03:54:12,927][logic.logic][INFO] - Calculating the features for 1 ROI's
[2020-10-03 03:54:12,940][logic.logic][INFO] - Generating feature for roi GTV-1
[2020-10-03 03:54:23,530][logic.logic][INFO] - Successfully extracted features for roi GTV-1
[2020-10-03 03:54:23,531][logic.logic][INFO] - Successfully calculated radiomic features for 1 of 1 ROI's
